2008-04-12 19:54:20:828  Retart Programs 0 count.
2008-04-12 19:54:20:875  Can not start spp.exe
2008-04-12 19:54:23:890  Can not start pxSSM.exe
2008-04-13 14:38:45:703  Retart Programs 0 count.
2008-04-13 14:38:45:703  Can not start spp.exe
2008-04-13 14:38:48:718  Can not start pxSSM.exe
2008-04-13 14:39:45:000  Retart Programs 0 count.
2008-04-13 14:39:45:000  Can not start spp.exe
2008-04-13 14:39:48:000  Can not start pxSSM.exe
2008-04-13 14:48:43:265  Retart Programs 0 count.
2008-04-13 14:49:11:281  Can not start spp.exe
2008-04-13 14:49:35:875  Can not start pxSSM.exe
2008-04-13 16:26:57:953  Retart Programs 0 count.
2008-04-13 16:27:27:812  Retart Programs 0 count.
2008-04-13 16:27:27:828  Can not start spp.exe
2008-04-13 16:27:30:843  Can not start pxSSM.exe
2008-04-13 16:27:48:859  spp.exe timer out.
2008-04-13 16:27:48:859  Retart Programs 1 count.
2008-04-13 16:27:48:859  Can not start spp.exe
2008-04-13 16:27:51:859  Can not start pxSSM.exe
2008-04-13 16:27:54:875  spp.exe timer out.
2008-04-13 16:27:54:875  Retart Programs 2 count.
2008-04-13 16:27:54:875  Can not start spp.exe
2008-04-13 16:27:57:875  Can not start pxSSM.exe
2008-04-13 16:28:00:890  spp.exe timer out.
2008-04-13 16:28:00:890  Retart Programs 3 count.
2008-04-13 16:28:00:890  Can not start spp.exe
2008-04-13 16:28:03:906  Can not start pxSSM.exe
2008-04-13 16:28:06:906  spp.exe timer out.
2008-04-13 16:28:06:906  Retart Programs 4 count.
2008-04-13 16:28:06:921  Can not start spp.exe
2008-04-13 16:28:09:921  Can not start pxSSM.exe
2008-04-13 16:28:12:921  spp.exe timer out.
2008-04-13 16:28:12:937  Retart Programs 5 count.
2008-04-13 16:28:12:937  Can not start spp.exe
2008-04-13 16:28:15:937  Can not start pxSSM.exe
2008-04-13 16:28:18:953  spp.exe timer out.
2008-04-13 16:28:18:953  Retart Programs 6 count.
2008-04-13 16:28:18:953  Can not start spp.exe
2008-04-13 16:28:21:968  Can not start pxSSM.exe
2008-04-13 16:28:24:968  spp.exe timer out.
2008-04-13 16:28:24:968  Retart Programs 7 count.
2008-04-13 16:28:24:984  Can not start spp.exe
2008-04-13 16:28:27:984  Can not start pxSSM.exe
2008-04-13 16:28:30:984  spp.exe timer out.
2008-04-13 16:28:30:984  Retart Programs 8 count.
2008-04-13 16:28:31:000  Can not start spp.exe
2008-04-13 16:28:34:000  Can not start pxSSM.exe
2008-04-13 16:28:37:015  spp.exe timer out.
2008-04-13 16:28:37:015  Retart Programs 9 count.
2008-04-13 16:28:37:015  Can not start spp.exe
2008-04-13 16:28:40:031  Can not start pxSSM.exe
2008-04-13 16:28:43:031  spp.exe timer out.
2008-04-13 16:28:43:031  Retart Programs 10 count.
2008-04-13 16:28:43:046  Can not start spp.exe
2008-04-13 16:28:46:046  Can not start pxSSM.exe
2008-04-13 16:28:49:046  spp.exe timer out.
2008-04-13 16:28:49:062  Retart Programs 11 count.
2008-04-13 16:28:49:062  Can not start spp.exe
2008-04-13 16:28:52:062  Can not start pxSSM.exe
2008-04-13 16:28:55:078  spp.exe timer out.
2008-04-13 16:28:55:078  Retart Programs 12 count.
2008-04-13 16:28:55:078  Can not start spp.exe
2008-04-13 17:01:08:953  Retart Programs 0 count.
2008-04-13 17:01:08:968  Can not start spp.exe
2008-04-13 17:01:11:968  Can not start pxSSM.exe
2008-04-13 17:01:29:984  spp.exe timer out.
2008-04-13 17:01:29:984  Retart Programs 1 count.
2008-04-13 17:01:29:984  Can not start spp.exe
2008-04-13 17:01:33:000  Can not start pxSSM.exe
2008-04-13 17:01:36:000  spp.exe timer out.
2008-04-13 17:01:36:000  Retart Programs 2 count.
2008-04-13 17:01:36:015  Can not start spp.exe
2008-04-13 17:01:39:015  Can not start pxSSM.exe
2008-04-13 17:01:42:015  spp.exe timer out.
2008-04-13 17:01:42:015  Retart Programs 3 count.
2008-04-13 17:01:42:031  Can not start spp.exe
2008-04-13 17:01:45:031  Can not start pxSSM.exe
2008-04-13 17:01:48:031  spp.exe timer out.
2008-04-13 17:01:48:031  Retart Programs 4 count.
2008-04-13 17:01:48:046  Can not start spp.exe
2008-04-13 17:01:51:046  Can not start pxSSM.exe
2008-04-13 17:01:54:062  spp.exe timer out.
2008-04-13 17:01:54:062  Retart Programs 5 count.
2008-04-13 17:01:54:062  Can not start spp.exe
2008-04-13 17:01:57:234  Can not start pxSSM.exe
2008-04-13 17:02:00:234  spp.exe timer out.
2008-04-13 17:02:00:234  Retart Programs 6 count.
2008-04-13 17:02:00:250  Can not start spp.exe
2008-04-13 17:02:03:250  Can not start pxSSM.exe
2008-04-13 17:02:06:265  spp.exe timer out.
2008-04-13 17:02:06:265  Retart Programs 7 count.
2008-04-13 17:02:06:265  Can not start spp.exe
2008-04-13 17:02:09:281  Can not start pxSSM.exe
2008-04-13 17:02:12:281  spp.exe timer out.
2008-04-13 17:02:12:296  Retart Programs 8 count.
2008-04-13 17:02:12:296  Can not start spp.exe
2008-04-13 17:02:15:312  Can not start pxSSM.exe
2008-04-13 17:11:34:593  Retart Programs 0 count.
2008-04-13 17:11:34:593  Can not start spp.exe
2008-04-13 17:11:37:609  Can not start pxSSM.exe
2008-04-13 17:11:55:609  spp.exe timer out.
2008-04-13 17:11:55:609  Retart Programs 1 count.
2008-04-13 17:11:55:625  Can not start spp.exe
2008-04-13 17:11:58:625  Can not start pxSSM.exe
2008-04-13 17:12:01:640  spp.exe timer out.
2008-04-13 17:12:01:640  Retart Programs 2 count.
2008-04-13 17:12:01:640  Can not start spp.exe
2008-04-13 17:12:04:656  Can not start pxSSM.exe
2008-04-13 17:12:07:656  spp.exe timer out.
2008-04-13 17:12:07:671  Retart Programs 3 count.
2008-04-13 17:12:07:671  Can not start spp.exe
2008-04-13 17:12:10:671  Can not start pxSSM.exe
2008-04-13 17:12:13:687  spp.exe timer out.
2008-04-13 17:12:13:687  Retart Programs 4 count.
2008-04-13 17:12:13:703  Can not start spp.exe
2008-04-13 17:12:16:703  Can not start pxSSM.exe
2008-04-13 17:12:19:718  spp.exe timer out.
2008-04-13 17:12:19:718  Retart Programs 5 count.
2008-04-13 17:12:19:718  Can not start spp.exe
2008-04-13 17:12:22:734  Can not start pxSSM.exe
2008-04-13 17:12:25:734  spp.exe timer out.
2008-04-13 17:12:25:750  Retart Programs 6 count.
2008-04-13 17:12:25:750  Can not start spp.exe
2008-04-13 17:12:28:765  Can not start pxSSM.exe
2008-04-13 17:12:31:765  spp.exe timer out.
2008-04-13 17:12:31:765  Retart Programs 7 count.
2008-04-13 17:12:31:781  Can not start spp.exe
2008-04-13 17:12:34:781  Can not start pxSSM.exe
2008-04-13 17:12:37:796  spp.exe timer out.
2008-04-13 17:12:37:796  Retart Programs 8 count.
2008-04-13 17:12:37:796  Can not start spp.exe
2008-04-13 17:12:40:812  Can not start pxSSM.exe
2008-04-13 17:12:43:812  spp.exe timer out.
2008-04-13 17:12:43:828  Retart Programs 9 count.
2008-04-13 17:12:43:828  Can not start spp.exe
2008-04-13 17:12:46:843  Can not start pxSSM.exe
2008-04-13 17:12:49:843  spp.exe timer out.
2008-04-13 17:12:49:843  Retart Programs 10 count.
2008-04-13 17:12:49:859  Can not start spp.exe
2008-04-13 17:12:52:859  Can not start pxSSM.exe
2008-04-13 17:12:55:875  spp.exe timer out.
2008-04-13 17:12:55:875  Retart Programs 11 count.
2008-04-13 17:12:55:875  Can not start spp.exe
2008-04-13 17:12:58:890  Can not start pxSSM.exe
2008-04-13 17:13:01:890  spp.exe timer out.
2008-04-13 17:13:01:906  Retart Programs 12 count.
2008-04-13 17:13:01:906  Can not start spp.exe
2008-04-13 17:13:04:921  Can not start pxSSM.exe
2008-04-13 17:13:07:921  spp.exe timer out.
2008-04-13 17:13:07:921  Retart Programs 13 count.
2008-04-13 17:13:07:937  Can not start spp.exe
2008-04-13 17:13:10:937  Can not start pxSSM.exe
2008-04-13 17:13:13:953  spp.exe timer out.
2008-04-13 17:13:13:953  Retart Programs 14 count.
2008-04-13 17:13:13:968  Can not start spp.exe
2008-04-13 17:13:16:968  Can not start pxSSM.exe
2008-04-13 17:13:19:968  spp.exe timer out.
2008-04-13 17:13:19:984  Retart Programs 15 count.
2008-04-13 17:13:19:984  Can not start spp.exe
2008-04-13 17:13:23:000  Can not start pxSSM.exe
2008-04-13 17:13:26:000  spp.exe timer out.
2008-04-13 17:13:26:015  Retart Programs 16 count.
2008-04-13 17:13:26:015  Can not start spp.exe
2008-04-13 17:13:29:015  Can not start pxSSM.exe
2008-04-13 17:13:32:031  spp.exe timer out.
2008-04-13 17:13:32:031  Retart Programs 17 count.
2008-04-13 17:13:32:046  Can not start spp.exe
2008-04-13 17:13:35:046  Can not start pxSSM.exe
2008-04-13 17:13:38:062  spp.exe timer out.
2008-04-13 17:13:38:062  Retart Programs 18 count.
2008-04-13 17:13:38:062  Can not start spp.exe
2008-04-13 17:13:41:078  Can not start pxSSM.exe
2008-04-13 17:13:44:078  spp.exe timer out.
2008-04-13 17:13:44:093  Retart Programs 19 count.
2008-04-13 17:26:31:078  Retart Programs 0 count.
2008-04-13 17:26:50:859  Can not start SPP.exe
